0 info it worked if it ends with ok
1 verbose cli [ '/Users/bula/.nvm/versions/node/v6.10.0/bin/node',
1 verbose cli   '/Users/bula/.nvm/versions/node/v6.10.0/bin/npm',
1 verbose cli   'run',
1 verbose cli   'test' ]
2 info using npm@3.10.10
3 info using node@v6.10.0
4 verbose run-script [ 'pretest', 'test', 'posttest' ]
5 info lifecycle users@1.0.0~pretest: users@1.0.0
6 silly lifecycle users@1.0.0~pretest: no script for pretest, continuing
7 info lifecycle users@1.0.0~test: users@1.0.0
8 verbose lifecycle users@1.0.0~test: unsafe-perm in lifecycle true
9 verbose lifecycle users@1.0.0~test: PATH: /Users/bula/.nvm/versions/node/v6.10.0/lib/node_modules/npm/bin/node-gyp-bin:/Users/bula/Documents/gbs_engineering/boomerang/services/launchpad/1.intro/users/node_modules/.bin:/Users/bula/.rvm/gems/ruby-2.2.3/bin:/Users/bula/.rvm/gems/ruby-2.2.3@global/bin:/Users/bula/.rvm/rubies/ruby-2.2.3/bin:/Users/bula/.nvm/versions/node/v6.10.0/bin:/usr/local/bin:/usr/bin:/bin:/usr/sbin:/sbin:/opt/X11/bin:/Users/bula/.rvm/gems/ruby-2.2.3/bin:/Users/bula/.rvm/gems/ruby-2.2.3@global/bin:/Users/bula/.rvm/rubies/ruby-2.2.3/bin:/Users/bula/.rvm/bin
10 verbose lifecycle users@1.0.0~test: CWD: /Users/bula/Documents/gbs_engineering/boomerang/services/launchpad/1.intro/users
11 silly lifecycle users@1.0.0~test: Args: [ '-c', 'nodemon --exec \'mocha -R min\'' ]
12 silly lifecycle users@1.0.0~test: Returned: code: 1  signal: null
13 info lifecycle users@1.0.0~test: Failed to exec test script
14 verbose stack Error: users@1.0.0 test: `nodemon --exec 'mocha -R min'`
14 verbose stack Exit status 1
14 verbose stack     at EventEmitter.<anonymous> (/Users/bula/.nvm/versions/node/v6.10.0/lib/node_modules/npm/lib/utils/lifecycle.js:255:16)
14 verbose stack     at emitTwo (events.js:106:13)
14 verbose stack     at EventEmitter.emit (events.js:191:7)
14 verbose stack     at ChildProcess.<anonymous> (/Users/bula/.nvm/versions/node/v6.10.0/lib/node_modules/npm/lib/utils/spawn.js:40:14)
14 verbose stack     at emitTwo (events.js:106:13)
14 verbose stack     at ChildProcess.emit (events.js:191:7)
14 verbose stack     at maybeClose (internal/child_process.js:877:16)
14 verbose stack     at Process.ChildProcess._handle.onexit (internal/child_process.js:226:5)
15 verbose pkgid users@1.0.0
16 verbose cwd /Users/bula/Documents/gbs_engineering/boomerang/services/launchpad/1.intro/users
17 error Darwin 16.6.0
18 error argv "/Users/bula/.nvm/versions/node/v6.10.0/bin/node" "/Users/bula/.nvm/versions/node/v6.10.0/bin/npm" "run" "test"
19 error node v6.10.0
20 error npm  v3.10.10
21 error code ELIFECYCLE
22 error users@1.0.0 test: `nodemon --exec 'mocha -R min'`
22 error Exit status 1
23 error Failed at the users@1.0.0 test script 'nodemon --exec 'mocha -R min''.
23 error Make sure you have the latest version of node.js and npm installed.
23 error If you do, this is most likely a problem with the users package,
23 error not with npm itself.
23 error Tell the author that this fails on your system:
23 error     nodemon --exec 'mocha -R min'
23 error You can get information on how to open an issue for this project with:
23 error     npm bugs users
23 error Or if that isn't available, you can get their info via:
23 error     npm owner ls users
23 error There is likely additional logging output above.
24 verbose exit [ 1, true ]
